<?xml version="1.0" encoding="UTF-8"?>
<testsuite xmlns:xsi="http://www.w3.org/2001/XMLSchema-instance" xsi:noNamespaceSchemaLocation="https://maven.apache.org/surefire/maven-surefire-plugin/xsd/surefire-test-report.xsd" name="com.vg.kd.KingDeeServiceApplicationTests" time="11.758" tests="1" errors="0" skipped="0" failures="0">
  <properties>
    <property name="sun.desktop" value="windows"/>
    <property name="awt.toolkit" value="sun.awt.windows.WToolkit"/>
    <property name="file.encoding.pkg" value="sun.io"/>
    <property name="java.specification.version" value="1.8"/>
    <property name="sun.cpu.isalist" value="amd64"/>
    <property name="sun.jnu.encoding" value="GBK"/>
    <property name="java.class.path" value="C:\Users\Administrator\eclipse-workspace\KingDeeService\target\test-classes;C:\Users\Administrator\eclipse-workspace\KingDeeService\target\classes;D:\localRepository\org\springframework\boot\spring-boot-starter-freemarker\2.0.3.RELEASE\spring-boot-starter-freemarker-2.0.3.RELEASE.jar;D:\localRepository\org\springframework\boot\spring-boot-starter\2.0.3.RELEASE\spring-boot-starter-2.0.3.RELEASE.jar;D:\localRepository\org\springframework\boot\spring-boot-starter-logging\2.0.3.RELEASE\spring-boot-starter-logging-2.0.3.RELEASE.jar;D:\localRepository\ch\qos\logback\logback-classic\1.2.3\logback-classic-1.2.3.jar;D:\localRepository\ch\qos\logback\logback-core\1.2.3\logback-core-1.2.3.jar;D:\localRepository\org\apache\logging\log4j\log4j-to-slf4j\2.10.0\log4j-to-slf4j-2.10.0.jar;D:\localRepository\org\apache\logging\log4j\log4j-api\2.10.0\log4j-api-2.10.0.jar;D:\localRepository\org\slf4j\jul-to-slf4j\1.7.25\jul-to-slf4j-1.7.25.jar;D:\localRepository\javax\annotation\javax.annotation-api\1.3.2\javax.annotation-api-1.3.2.jar;D:\localRepository\org\yaml\snakeyaml\1.19\snakeyaml-1.19.jar;D:\localRepository\org\freemarker\freemarker\2.3.28\freemarker-2.3.28.jar;D:\localRepository\org\springframework\spring-context-support\5.0.7.RELEASE\spring-context-support-5.0.7.RELEASE.jar;D:\localRepository\org\springframework\spring-beans\5.0.7.RELEASE\spring-beans-5.0.7.RELEASE.jar;D:\localRepository\org\springframework\spring-context\5.0.7.RELEASE\spring-context-5.0.7.RELEASE.jar;D:\localRepository\org\springframework\boot\spring-boot-starter-web\2.0.3.RELEASE\spring-boot-starter-web-2.0.3.RELEASE.jar;D:\localRepository\org\springframework\boot\spring-boot-starter-json\2.0.3.RELEASE\spring-boot-starter-json-2.0.3.RELEASE.jar;D:\localRepository\com\fasterxml\jackson\core\jackson-databind\2.9.6\jackson-databind-2.9.6.jar;D:\localRepository\com\fasterxml\jackson\core\jackson-annotations\2.9.0\jackson-annotations-2.9.0.jar;D:\localRepository\com\fasterxml\jackson\core\jackson-core\2.9.6\jackson-core-2.9.6.jar;D:\localRepository\com\fasterxml\jackson\datatype\jackson-datatype-jdk8\2.9.6\jackson-datatype-jdk8-2.9.6.jar;D:\localRepository\com\fasterxml\jackson\datatype\jackson-datatype-jsr310\2.9.6\jackson-datatype-jsr310-2.9.6.jar;D:\localRepository\com\fasterxml\jackson\module\jackson-module-parameter-names\2.9.6\jackson-module-parameter-names-2.9.6.jar;D:\localRepository\org\springframework\boot\spring-boot-starter-tomcat\2.0.3.RELEASE\spring-boot-starter-tomcat-2.0.3.RELEASE.jar;D:\localRepository\org\apache\tomcat\embed\tomcat-embed-core\8.5.31\tomcat-embed-core-8.5.31.jar;D:\localRepository\org\apache\tomcat\embed\tomcat-embed-el\8.5.31\tomcat-embed-el-8.5.31.jar;D:\localRepository\org\apache\tomcat\embed\tomcat-embed-websocket\8.5.31\tomcat-embed-websocket-8.5.31.jar;D:\localRepository\org\hibernate\validator\hibernate-validator\6.0.10.Final\hibernate-validator-6.0.10.Final.jar;D:\localRepository\javax\validation\validation-api\2.0.1.Final\validation-api-2.0.1.Final.jar;D:\localRepository\org\jboss\logging\jboss-logging\3.3.2.Final\jboss-logging-3.3.2.Final.jar;D:\localRepository\com\fasterxml\classmate\1.3.4\classmate-1.3.4.jar;D:\localRepository\org\springframework\spring-web\5.0.7.RELEASE\spring-web-5.0.7.RELEASE.jar;D:\localRepository\org\springframework\spring-webmvc\5.0.7.RELEASE\spring-webmvc-5.0.7.RELEASE.jar;D:\localRepository\org\springframework\spring-aop\5.0.7.RELEASE\spring-aop-5.0.7.RELEASE.jar;D:\localRepository\org\springframework\spring-expression\5.0.7.RELEASE\spring-expression-5.0.7.RELEASE.jar;D:\localRepository\com\microsoft\sqlserver\mssql-jdbc\6.2.2.jre8\mssql-jdbc-6.2.2.jre8.jar;D:\localRepository\org\projectlombok\lombok\1.16.22\lombok-1.16.22.jar;D:\localRepository\com\baomidou\mybatis-plus-boot-starter\3.0-RC1\mybatis-plus-boot-starter-3.0-RC1.jar;D:\localRepository\com\baomidou\mybatis-plus\3.0-RC1\mybatis-plus-3.0-RC1.jar;D:\localRepository\com\baomidou\mybatis-plus-extension\3.0-RC1\mybatis-plus-extension-3.0-RC1.jar;D:\localRepository\com\baomidou\mybatis-plus-core\3.0-RC1\mybatis-plus-core-3.0-RC1.jar;D:\localRepository\com\baomidou\mybatis-plus-annotation\3.0-RC1\mybatis-plus-annotation-3.0-RC1.jar;D:\localRepository\com\github\jsqlparser\jsqlparser\1.2\jsqlparser-1.2.jar;D:\localRepository\org\mybatis\mybatis-spring\1.3.2\mybatis-spring-1.3.2.jar;D:\localRepository\org\mybatis\mybatis\3.4.6\mybatis-3.4.6.jar;D:\localRepository\com\baomidou\mybatis-plus-generator\3.0-RC1\mybatis-plus-generator-3.0-RC1.jar;D:\localRepository\org\apache\velocity\velocity-engine-core\2.0\velocity-engine-core-2.0.jar;D:\localRepository\org\apache\commons\commons-lang3\3.7\commons-lang3-3.7.jar;D:\localRepository\org\springframework\boot\spring-boot-autoconfigure\2.0.3.RELEASE\spring-boot-autoconfigure-2.0.3.RELEASE.jar;D:\localRepository\org\springframework\boot\spring-boot-starter-jdbc\2.0.3.RELEASE\spring-boot-starter-jdbc-2.0.3.RELEASE.jar;D:\localRepository\com\zaxxer\HikariCP\2.7.9\HikariCP-2.7.9.jar;D:\localRepository\org\springframework\spring-jdbc\5.0.7.RELEASE\spring-jdbc-5.0.7.RELEASE.jar;D:\localRepository\org\springframework\spring-tx\5.0.7.RELEASE\spring-tx-5.0.7.RELEASE.jar;D:\localRepository\org\springframework\boot\spring-boot-configuration-processor\2.0.3.RELEASE\spring-boot-configuration-processor-2.0.3.RELEASE.jar;D:\localRepository\com\baomidou\dynamic-datasource-spring-boot-starter\2.3.4\dynamic-datasource-spring-boot-starter-2.3.4.jar;D:\localRepository\org\springframework\boot\spring-boot-starter-aop\2.0.3.RELEASE\spring-boot-starter-aop-2.0.3.RELEASE.jar;D:\localRepository\org\aspectj\aspectjweaver\1.8.13\aspectjweaver-1.8.13.jar;D:\localRepository\org\springframework\boot\spring-boot-devtools\2.0.3.RELEASE\spring-boot-devtools-2.0.3.RELEASE.jar;D:\localRepository\org\springframework\boot\spring-boot\2.0.3.RELEASE\spring-boot-2.0.3.RELEASE.jar;D:\localRepository\org\springframework\boot\spring-boot-starter-test\2.0.3.RELEASE\spring-boot-starter-test-2.0.3.RELEASE.jar;D:\localRepository\org\springframework\boot\spring-boot-test\2.0.3.RELEASE\spring-boot-test-2.0.3.RELEASE.jar;D:\localRepository\org\springframework\boot\spring-boot-test-autoconfigure\2.0.3.RELEASE\spring-boot-test-autoconfigure-2.0.3.RELEASE.jar;D:\localRepository\com\jayway\jsonpath\json-path\2.4.0\json-path-2.4.0.jar;D:\localRepository\net\minidev\json-smart\2.3\json-smart-2.3.jar;D:\localRepository\net\minidev\accessors-smart\1.2\accessors-smart-1.2.jar;D:\localRepository\org\ow2\asm\asm\5.0.4\asm-5.0.4.jar;D:\localRepository\org\slf4j\slf4j-api\1.7.25\slf4j-api-1.7.25.jar;D:\localRepository\junit\junit\4.12\junit-4.12.jar;D:\localRepository\org\assertj\assertj-core\3.9.1\assertj-core-3.9.1.jar;D:\localRepository\org\mockito\mockito-core\2.15.0\mockito-core-2.15.0.jar;D:\localRepository\net\bytebuddy\byte-buddy\1.7.11\byte-buddy-1.7.11.jar;D:\localRepository\net\bytebuddy\byte-buddy-agent\1.7.11\byte-buddy-agent-1.7.11.jar;D:\localRepository\org\objenesis\objenesis\2.6\objenesis-2.6.jar;D:\localRepository\org\hamcrest\hamcrest-core\1.3\hamcrest-core-1.3.jar;D:\localRepository\org\hamcrest\hamcrest-library\1.3\hamcrest-library-1.3.jar;D:\localRepository\org\skyscreamer\jsonassert\1.5.0\jsonassert-1.5.0.jar;D:\localRepository\com\vaadin\external\google\android-json\0.0.20131108.vaadin1\android-json-0.0.20131108.vaadin1.jar;D:\localRepository\org\springframework\spring-core\5.0.7.RELEASE\spring-core-5.0.7.RELEASE.jar;D:\localRepository\org\springframework\spring-jcl\5.0.7.RELEASE\spring-jcl-5.0.7.RELEASE.jar;D:\localRepository\org\springframework\spring-test\5.0.7.RELEASE\spring-test-5.0.7.RELEASE.jar;D:\localRepository\org\xmlunit\xmlunit-core\2.5.1\xmlunit-core-2.5.1.jar;"/>
    <property name="java.vm.vendor" value="Oracle Corporation"/>
    <property name="sun.arch.data.model" value="64"/>
    <property name="user.variant" value=""/>
    <property name="java.vendor.url" value="http://java.oracle.com/"/>
    <property name="user.timezone" value=""/>
    <property name="java.vm.specification.version" value="1.8"/>
    <property name="os.name" value="Windows 7"/>
    <property name="user.country" value="CN"/>
    <property name="sun.java.launcher" value="SUN_STANDARD"/>
    <property name="sun.boot.library.path" value="C:\Java\jdk1.8.0_162\jre\bin"/>
    <property name="sun.java.command" value="C:\Users\ADMINI~1\AppData\Local\Temp\surefire5339296104322936076\surefirebooter4266115005121283866.jar C:\Users\Administrator\AppData\Local\Temp\surefire5339296104322936076 2018-11-20T09-00-31_808-jvmRun1 surefire2489313001741762952tmp surefire_06065208024285341350tmp"/>
    <property name="surefire.test.class.path" value="C:\Users\Administrator\eclipse-workspace\KingDeeService\target\test-classes;C:\Users\Administrator\eclipse-workspace\KingDeeService\target\classes;D:\localRepository\org\springframework\boot\spring-boot-starter-freemarker\2.0.3.RELEASE\spring-boot-starter-freemarker-2.0.3.RELEASE.jar;D:\localRepository\org\springframework\boot\spring-boot-starter\2.0.3.RELEASE\spring-boot-starter-2.0.3.RELEASE.jar;D:\localRepository\org\springframework\boot\spring-boot-starter-logging\2.0.3.RELEASE\spring-boot-starter-logging-2.0.3.RELEASE.jar;D:\localRepository\ch\qos\logback\logback-classic\1.2.3\logback-classic-1.2.3.jar;D:\localRepository\ch\qos\logback\logback-core\1.2.3\logback-core-1.2.3.jar;D:\localRepository\org\apache\logging\log4j\log4j-to-slf4j\2.10.0\log4j-to-slf4j-2.10.0.jar;D:\localRepository\org\apache\logging\log4j\log4j-api\2.10.0\log4j-api-2.10.0.jar;D:\localRepository\org\slf4j\jul-to-slf4j\1.7.25\jul-to-slf4j-1.7.25.jar;D:\localRepository\javax\annotation\javax.annotation-api\1.3.2\javax.annotation-api-1.3.2.jar;D:\localRepository\org\yaml\snakeyaml\1.19\snakeyaml-1.19.jar;D:\localRepository\org\freemarker\freemarker\2.3.28\freemarker-2.3.28.jar;D:\localRepository\org\springframework\spring-context-support\5.0.7.RELEASE\spring-context-support-5.0.7.RELEASE.jar;D:\localRepository\org\springframework\spring-beans\5.0.7.RELEASE\spring-beans-5.0.7.RELEASE.jar;D:\localRepository\org\springframework\spring-context\5.0.7.RELEASE\spring-context-5.0.7.RELEASE.jar;D:\localRepository\org\springframework\boot\spring-boot-starter-web\2.0.3.RELEASE\spring-boot-starter-web-2.0.3.RELEASE.jar;D:\localRepository\org\springframework\boot\spring-boot-starter-json\2.0.3.RELEASE\spring-boot-starter-json-2.0.3.RELEASE.jar;D:\localRepository\com\fasterxml\jackson\core\jackson-databind\2.9.6\jackson-databind-2.9.6.jar;D:\localRepository\com\fasterxml\jackson\core\jackson-annotations\2.9.0\jackson-annotations-2.9.0.jar;D:\localRepository\com\fasterxml\jackson\core\jackson-core\2.9.6\jackson-core-2.9.6.jar;D:\localRepository\com\fasterxml\jackson\datatype\jackson-datatype-jdk8\2.9.6\jackson-datatype-jdk8-2.9.6.jar;D:\localRepository\com\fasterxml\jackson\datatype\jackson-datatype-jsr310\2.9.6\jackson-datatype-jsr310-2.9.6.jar;D:\localRepository\com\fasterxml\jackson\module\jackson-module-parameter-names\2.9.6\jackson-module-parameter-names-2.9.6.jar;D:\localRepository\org\springframework\boot\spring-boot-starter-tomcat\2.0.3.RELEASE\spring-boot-starter-tomcat-2.0.3.RELEASE.jar;D:\localRepository\org\apache\tomcat\embed\tomcat-embed-core\8.5.31\tomcat-embed-core-8.5.31.jar;D:\localRepository\org\apache\tomcat\embed\tomcat-embed-el\8.5.31\tomcat-embed-el-8.5.31.jar;D:\localRepository\org\apache\tomcat\embed\tomcat-embed-websocket\8.5.31\tomcat-embed-websocket-8.5.31.jar;D:\localRepository\org\hibernate\validator\hibernate-validator\6.0.10.Final\hibernate-validator-6.0.10.Final.jar;D:\localRepository\javax\validation\validation-api\2.0.1.Final\validation-api-2.0.1.Final.jar;D:\localRepository\org\jboss\logging\jboss-logging\3.3.2.Final\jboss-logging-3.3.2.Final.jar;D:\localRepository\com\fasterxml\classmate\1.3.4\classmate-1.3.4.jar;D:\localRepository\org\springframework\spring-web\5.0.7.RELEASE\spring-web-5.0.7.RELEASE.jar;D:\localRepository\org\springframework\spring-webmvc\5.0.7.RELEASE\spring-webmvc-5.0.7.RELEASE.jar;D:\localRepository\org\springframework\spring-aop\5.0.7.RELEASE\spring-aop-5.0.7.RELEASE.jar;D:\localRepository\org\springframework\spring-expression\5.0.7.RELEASE\spring-expression-5.0.7.RELEASE.jar;D:\localRepository\com\microsoft\sqlserver\mssql-jdbc\6.2.2.jre8\mssql-jdbc-6.2.2.jre8.jar;D:\localRepository\org\projectlombok\lombok\1.16.22\lombok-1.16.22.jar;D:\localRepository\com\baomidou\mybatis-plus-boot-starter\3.0-RC1\mybatis-plus-boot-starter-3.0-RC1.jar;D:\localRepository\com\baomidou\mybatis-plus\3.0-RC1\mybatis-plus-3.0-RC1.jar;D:\localRepository\com\baomidou\mybatis-plus-extension\3.0-RC1\mybatis-plus-extension-3.0-RC1.jar;D:\localRepository\com\baomidou\mybatis-plus-core\3.0-RC1\mybatis-plus-core-3.0-RC1.jar;D:\localRepository\com\baomidou\mybatis-plus-annotation\3.0-RC1\mybatis-plus-annotation-3.0-RC1.jar;D:\localRepository\com\github\jsqlparser\jsqlparser\1.2\jsqlparser-1.2.jar;D:\localRepository\org\mybatis\mybatis-spring\1.3.2\mybatis-spring-1.3.2.jar;D:\localRepository\org\mybatis\mybatis\3.4.6\mybatis-3.4.6.jar;D:\localRepository\com\baomidou\mybatis-plus-generator\3.0-RC1\mybatis-plus-generator-3.0-RC1.jar;D:\localRepository\org\apache\velocity\velocity-engine-core\2.0\velocity-engine-core-2.0.jar;D:\localRepository\org\apache\commons\commons-lang3\3.7\commons-lang3-3.7.jar;D:\localRepository\org\springframework\boot\spring-boot-autoconfigure\2.0.3.RELEASE\spring-boot-autoconfigure-2.0.3.RELEASE.jar;D:\localRepository\org\springframework\boot\spring-boot-starter-jdbc\2.0.3.RELEASE\spring-boot-starter-jdbc-2.0.3.RELEASE.jar;D:\localRepository\com\zaxxer\HikariCP\2.7.9\HikariCP-2.7.9.jar;D:\localRepository\org\springframework\spring-jdbc\5.0.7.RELEASE\spring-jdbc-5.0.7.RELEASE.jar;D:\localRepository\org\springframework\spring-tx\5.0.7.RELEASE\spring-tx-5.0.7.RELEASE.jar;D:\localRepository\org\springframework\boot\spring-boot-configuration-processor\2.0.3.RELEASE\spring-boot-configuration-processor-2.0.3.RELEASE.jar;D:\localRepository\com\baomidou\dynamic-datasource-spring-boot-starter\2.3.4\dynamic-datasource-spring-boot-starter-2.3.4.jar;D:\localRepository\org\springframework\boot\spring-boot-starter-aop\2.0.3.RELEASE\spring-boot-starter-aop-2.0.3.RELEASE.jar;D:\localRepository\org\aspectj\aspectjweaver\1.8.13\aspectjweaver-1.8.13.jar;D:\localRepository\org\springframework\boot\spring-boot-devtools\2.0.3.RELEASE\spring-boot-devtools-2.0.3.RELEASE.jar;D:\localRepository\org\springframework\boot\spring-boot\2.0.3.RELEASE\spring-boot-2.0.3.RELEASE.jar;D:\localRepository\org\springframework\boot\spring-boot-starter-test\2.0.3.RELEASE\spring-boot-starter-test-2.0.3.RELEASE.jar;D:\localRepository\org\springframework\boot\spring-boot-test\2.0.3.RELEASE\spring-boot-test-2.0.3.RELEASE.jar;D:\localRepository\org\springframework\boot\spring-boot-test-autoconfigure\2.0.3.RELEASE\spring-boot-test-autoconfigure-2.0.3.RELEASE.jar;D:\localRepository\com\jayway\jsonpath\json-path\2.4.0\json-path-2.4.0.jar;D:\localRepository\net\minidev\json-smart\2.3\json-smart-2.3.jar;D:\localRepository\net\minidev\accessors-smart\1.2\accessors-smart-1.2.jar;D:\localRepository\org\ow2\asm\asm\5.0.4\asm-5.0.4.jar;D:\localRepository\org\slf4j\slf4j-api\1.7.25\slf4j-api-1.7.25.jar;D:\localRepository\junit\junit\4.12\junit-4.12.jar;D:\localRepository\org\assertj\assertj-core\3.9.1\assertj-core-3.9.1.jar;D:\localRepository\org\mockito\mockito-core\2.15.0\mockito-core-2.15.0.jar;D:\localRepository\net\bytebuddy\byte-buddy\1.7.11\byte-buddy-1.7.11.jar;D:\localRepository\net\bytebuddy\byte-buddy-agent\1.7.11\byte-buddy-agent-1.7.11.jar;D:\localRepository\org\objenesis\objenesis\2.6\objenesis-2.6.jar;D:\localRepository\org\hamcrest\hamcrest-core\1.3\hamcrest-core-1.3.jar;D:\localRepository\org\hamcrest\hamcrest-library\1.3\hamcrest-library-1.3.jar;D:\localRepository\org\skyscreamer\jsonassert\1.5.0\jsonassert-1.5.0.jar;D:\localRepository\com\vaadin\external\google\android-json\0.0.20131108.vaadin1\android-json-0.0.20131108.vaadin1.jar;D:\localRepository\org\springframework\spring-core\5.0.7.RELEASE\spring-core-5.0.7.RELEASE.jar;D:\localRepository\org\springframework\spring-jcl\5.0.7.RELEASE\spring-jcl-5.0.7.RELEASE.jar;D:\localRepository\org\springframework\spring-test\5.0.7.RELEASE\spring-test-5.0.7.RELEASE.jar;D:\localRepository\org\xmlunit\xmlunit-core\2.5.1\xmlunit-core-2.5.1.jar;"/>
    <property name="sun.cpu.endian" value="little"/>
    <property name="user.home" value="C:\Users\Administrator"/>
    <property name="user.language" value="zh"/>
    <property name="java.specification.vendor" value="Oracle Corporation"/>
    <property name="java.home" value="C:\Java\jdk1.8.0_162\jre"/>
    <property name="basedir" value="C:\Users\Administrator\eclipse-workspace\KingDeeService"/>
    <property name="file.separator" value="\"/>
    <property name="line.separator" value="&#10;"/>
    <property name="java.vm.specification.vendor" value="Oracle Corporation"/>
    <property name="java.specification.name" value="Java Platform API Specification"/>
    <property name="java.awt.graphicsenv" value="sun.awt.Win32GraphicsEnvironment"/>
    <property name="surefire.real.class.path" value="C:\Users\ADMINI~1\AppData\Local\Temp\surefire5339296104322936076\surefirebooter4266115005121283866.jar"/>
    <property name="sun.boot.class.path" value="C:\Java\jdk1.8.0_162\jre\lib\resources.jar;C:\Java\jdk1.8.0_162\jre\lib\rt.jar;C:\Java\jdk1.8.0_162\jre\lib\sunrsasign.jar;C:\Java\jdk1.8.0_162\jre\lib\jsse.jar;C:\Java\jdk1.8.0_162\jre\lib\jce.jar;C:\Java\jdk1.8.0_162\jre\lib\charsets.jar;C:\Java\jdk1.8.0_162\jre\lib\jfr.jar;C:\Java\jdk1.8.0_162\jre\classes"/>
    <property name="user.script" value=""/>
    <property name="sun.management.compiler" value="HotSpot 64-Bit Tiered Compilers"/>
    <property name="java.runtime.version" value="1.8.0_162-b12"/>
    <property name="user.name" value="Administrator"/>
    <property name="path.separator" value=";"/>
    <property name="os.version" value="6.1"/>
    <property name="java.endorsed.dirs" value="C:\Java\jdk1.8.0_162\jre\lib\endorsed"/>
    <property name="java.runtime.name" value="Java(TM) SE Runtime Environment"/>
    <property name="file.encoding" value="GBK"/>
    <property name="java.vm.name" value="Java HotSpot(TM) 64-Bit Server VM"/>
    <property name="localRepository" value="D:\localRepository"/>
    <property name="java.vendor.url.bug" value="http://bugreport.sun.com/bugreport/"/>
    <property name="java.io.tmpdir" value="C:\Users\ADMINI~1\AppData\Local\Temp\"/>
    <property name="java.version" value="1.8.0_162"/>
    <property name="user.dir" value="C:\Users\Administrator\eclipse-workspace\KingDeeService"/>
    <property name="os.arch" value="amd64"/>
    <property name="java.vm.specification.name" value="Java Virtual Machine Specification"/>
    <property name="java.awt.printerjob" value="sun.awt.windows.WPrinterJob"/>
    <property name="sun.os.patch.level" value="Service Pack 1"/>
    <property name="java.library.path" value="C:\Java\jdk1.8.0_162\jre\bin;C:\Windows\Sun\Java\bin;C:\Windows\system32;C:\Windows;C:/Java/jdk1.8.0_162/jre/bin/server;C:/Java/jdk1.8.0_162/jre/bin;C:/Java/jdk1.8.0_162/jre/lib/amd64;C:\Python36\Scripts\;C:\Python36\;C:\Windows\system32;C:\Windows;C:\Windows\System32\Wbem;C:\Windows\System32\WindowsPowerShell\v1.0\;C:\Users\Administrator\AppData\Roaming\nvm;C:\Program Files\nodejs;C:\Program Files (x86)\Git\cmd;C:\Windows\system32\config\systemprofile\.dnx\bin;C:\Program Files\Microsoft DNX\Dnvm\;C:\Program Files\Microsoft SQL Server\120\Tools\Binn\;C:\Program Files\Microsoft SQL Server\130\Tools\Binn\;C:\Program Files (x86)\Microsoft SQL Server\100\Tools\Binn\;C:\Program Files\Microsoft SQL Server\100\Tools\Binn\;C:\Program Files\Microsoft SQL Server\100\DTS\Binn\;C:\Program Files (x86)\Microsoft SQL Server\100\Tools\Binn\VSShell\Common7\IDE\;C:\Program Files (x86)\Microsoft Visual Studio 9.0\Common7\IDE\PrivateAssemblies\;C:\Program Files (x86)\Microsoft SQL Server\100\DTS\Binn\;C:\Program Files\Microsoft\Web Platform Installer\;C:\Program Files (x86)\Embarcadero\Studio\19.0\bin;C:\Users\Public\Documents\Embarcadero\Studio\19.0\Bpl;C:\Program Files\PuTTY\;C:\Program Files\IDM Computer Solutions\UltraCompare;C:\Program Files (x86)\Microsoft SQL Server\110\Tools\Binn\;C:\Program Files\Microsoft SQL Server\110\Tools\Binn\;C:\Program Files\Microsoft SQL Server\110\DTS\Binn\;C:\Java\jdk1.8.0_162\bin;C:\Java\jdk1.8.0_162\jre\bin;E:\apache-tomcat-8.5.30\bin;E:\apache-tomcat-8.5.30\lib;C:\apache-maven-3.5.3\BIN;C:\Program Files\TortoiseSVN\bin;;C:\Program Files\Microsoft VS Code\bin;C:\Users\Administrator\AppData\Roaming\npm;C:\Users\Administrator\AppData\Roaming\nvm;C:\Program Files\nodejs;C:\IronPython-2.7.7;E:\OpenSource\wechat_jump_game-master\wechat_jump_game-master\Tools\adb;C:\eclipse\jee-oxygen\eclipse;;."/>
    <property name="java.vm.info" value="mixed mode"/>
    <property name="java.vendor" value="Oracle Corporation"/>
    <property name="java.vm.version" value="25.162-b12"/>
    <property name="java.ext.dirs" value="C:\Java\jdk1.8.0_162\jre\lib\ext;C:\Windows\Sun\Java\lib\ext"/>
    <property name="sun.io.unicode.encoding" value="UnicodeLittle"/>
    <property name="java.class.version" value="52.0"/>
  </properties>
  <testcase name="contextLoads" classname="com.vg.kd.KingDeeServiceApplicationTests" time="0.396"/>
</testsuite>